<?xml version="1.0" encoding="UTF-8"?>
<!-- Generated by org.testng.reporters.JUnitReportReporter -->
<testsuite hostname="DRRICHMO-US" name="com.oracle.pgbu.selenium.obi.Unifier_TC001_CashFlow" tests="1" failures="0" timestamp="23 Feb 2018 15:25:26 GMT" time="30.043" errors="0">
  <testcase name="Unifier_CashFlow_CashFlow" time="30.043" classname="com.oracle.pgbu.selenium.obi.Unifier_TC001_CashFlow"/>
</testsuite> <!-- com.oracle.pgbu.selenium.obi.Unifier_TC001_CashFlow -->
