<?xml version="1.0" encoding="UTF-8"?>
<!-- Generated by org.testng.reporters.JUnitReportReporter -->
<testsuite hostname="JBEES-US" name="com.oracle.pgbu.selenium.obi.Unifier_TC005_CostSheet" tests="6" failures="0" timestamp="4 Apr 2018 16:24:45 GMT" time="45.560" errors="0">
  <testcase name="Unifier_CostSheet_Project" time="4.814" classname="com.oracle.pgbu.selenium.obi.Unifier_TC005_CostSheet"/>
  <testcase name="Unifier_CostSheet_CBS" time="5.744" classname="com.oracle.pgbu.selenium.obi.Unifier_TC005_CostSheet"/>
  <testcase name="Unifier_CostSheet_Dimensions" time="19.818" classname="com.oracle.pgbu.selenium.obi.Unifier_TC005_CostSheet"/>
  <testcase name="Unifier_CostSheet_ProjectHierarchy" time="4.269" classname="com.oracle.pgbu.selenium.obi.Unifier_TC005_CostSheet"/>
  <testcase name="Unifier_CostSheet_UnifierLinks" time="3.833" classname="com.oracle.pgbu.selenium.obi.Unifier_TC005_CostSheet"/>
  <testcase name="Unifier_CostSheet_Portfolio" time="7.082" classname="com.oracle.pgbu.selenium.obi.Unifier_TC005_CostSheet"/>
</testsuite> <!-- com.oracle.pgbu.selenium.obi.Unifier_TC005_CostSheet -->
