<?xml version="1.0" encoding="UTF-8"?>
<!-- Generated by org.testng.reporters.JUnitReportReporter -->
<testsuite hostname="JBEES-US" name="com.oracle.pgbu.selenium.obi.TC006_ValidatingProjectCode_CostSheet" tests="1" failures="0" timestamp="23 Feb 2018 20:23:34 GMT" time="42.589" errors="0">
  <testcase name="LoginValidationCorrectCredentials" time="42.589" classname="com.oracle.pgbu.selenium.obi.TC006_ValidatingProjectCode_CostSheet"/>
</testsuite> <!-- com.oracle.pgbu.selenium.obi.TC006_ValidatingProjectCode_CostSheet -->
