<?xml version="1.0" encoding="UTF-8"?>
<!-- Generated by org.testng.reporters.JUnitReportReporter -->
<testsuite hostname="DRRICHMO-US" name="com.oracle.pgbu.selenium.obi.TC003_Textura_Payment_Tests" tests="2" failures="0" timestamp="21 Feb 2018 17:12:54 GMT" time="51.877" errors="0">
  <testcase name="testGeneralContractor" time="25.814" classname="com.oracle.pgbu.selenium.obi.TC003_Textura_Payment_Tests"/>
  <testcase name="testSubContractor" time="26.063" classname="com.oracle.pgbu.selenium.obi.TC003_Textura_Payment_Tests"/>
</testsuite> <!-- com.oracle.pgbu.selenium.obi.TC003_Textura_Payment_Tests -->
