<?xml version="1.0" encoding="UTF-8"?>
<!-- Generated by org.testng.reporters.JUnitReportReporter -->
<testsuite hostname="SUNANDIP-IN" name="com.oracle.pgbu.selenium.obi.TC003_ValidatingCostSheetSubjectArea" tests="1" failures="0" timestamp="25 Jan 2018 10:18:36 GMT" time="28.612" errors="0">
  <testcase name="LoginValidationCorrectCredentials" time="28.612" classname="com.oracle.pgbu.selenium.obi.TC003_ValidatingCostSheetSubjectArea"/>
</testsuite> <!-- com.oracle.pgbu.selenium.obi.TC003_ValidatingCostSheetSubjectArea -->
