<?xml version="1.0" encoding="UTF-8"?>
<!-- Generated by org.testng.reporters.JUnitReportReporter -->
<testsuite hostname="SUNANDIP-IN" name="com.oracle.pgbu.selenium.obi.TC003_ValidatingBreakdownSubjectArea" tests="1" failures="0" timestamp="23 Jan 2018 13:18:39 GMT" time="17.657" errors="0">
  <testcase name="LoginValidationCorrectCredentials" time="17.657" classname="com.oracle.pgbu.selenium.obi.TC003_ValidatingBreakdownSubjectArea"/>
</testsuite> <!-- com.oracle.pgbu.selenium.obi.TC003_ValidatingBreakdownSubjectArea -->
