<?xml version="1.0" encoding="UTF-8"?>
<!-- Generated by org.testng.reporters.JUnitReportReporter -->
<testsuite hostname="JBEES-US" name="com.oracle.pgbu.selenium.obi.Unifier_TC002_BusinessProcessHistory" tests="10" failures="0" timestamp="4 Apr 2018 16:24:45 GMT" time="118.931" errors="0">
  <testcase name="Unifier_BusinessProcessHistory_Portfolio" time="4.578" classname="com.oracle.pgbu.selenium.obi.Unifier_TC002_BusinessProcessHistory"/>
  <testcase name="Unifier_BusinessProcessHistory_BusinessProcessLineItem" time="8.103" classname="com.oracle.pgbu.selenium.obi.Unifier_TC002_BusinessProcessHistory"/>
  <testcase name="Unifier_BusinessProcessHistory_Project" time="7.858" classname="com.oracle.pgbu.selenium.obi.Unifier_TC002_BusinessProcessHistory"/>
  <testcase name="Unifier_BusinessProcessHistory_UnifierLinks" time="8.321" classname="com.oracle.pgbu.selenium.obi.Unifier_TC002_BusinessProcessHistory"/>
  <testcase name="Unifier_BusinessProcessHistory_CBS" time="7.922" classname="com.oracle.pgbu.selenium.obi.Unifier_TC002_BusinessProcessHistory"/>
  <testcase name="Unifier_BusinessProcessHistory_BusinessProcess" time="8.434" classname="com.oracle.pgbu.selenium.obi.Unifier_TC002_BusinessProcessHistory"/>
  <testcase name="Unifier_BusinessProcessHistory_Dimensions" time="51.932" classname="com.oracle.pgbu.selenium.obi.Unifier_TC002_BusinessProcessHistory"/>
  <testcase name="Unifier_BusinessProcessHistory_CostCode" time="7.260" classname="com.oracle.pgbu.selenium.obi.Unifier_TC002_BusinessProcessHistory"/>
  <testcase name="Unifier_BusinessProcessHistory_ProjectHierarchy" time="6.145" classname="com.oracle.pgbu.selenium.obi.Unifier_TC002_BusinessProcessHistory"/>
  <testcase name="Unifier_BusinessProcessHistory_Time" time="8.378" classname="com.oracle.pgbu.selenium.obi.Unifier_TC002_BusinessProcessHistory"/>
</testsuite> <!-- com.oracle.pgbu.selenium.obi.Unifier_TC002_BusinessProcessHistory -->
