<?xml version="1.0" encoding="UTF-8"?>
<!-- Generated by org.testng.reporters.JUnitReportReporter -->
<testsuite hostname="DRRICHMO-US" name="com.oracle.pgbu.selenium.obi.TEST_TC009_ValidatingTexturaSubject" tests="2" failures="0" timestamp="21 Feb 2018 17:04:53 GMT" time="52.359" errors="0">
  <testcase name="testGeneralContractor" time="25.881" classname="com.oracle.pgbu.selenium.obi.TEST_TC009_ValidatingTexturaSubject"/>
  <testcase name="testSubContractor" time="26.478" classname="com.oracle.pgbu.selenium.obi.TEST_TC009_ValidatingTexturaSubject"/>
</testsuite> <!-- com.oracle.pgbu.selenium.obi.TEST_TC009_ValidatingTexturaSubject -->
