<?xml version="1.0" encoding="UTF-8"?>
<!-- Generated by org.testng.reporters.JUnitReportReporter -->
<testsuite hostname="JBEES-US" name="com.oracle.pgbu.selenium.obi.Unifier_TC006_CostSheetHistory" tests="7" failures="0" timestamp="4 Apr 2018 16:24:45 GMT" time="69.254" errors="0">
  <testcase name="Unifier_CostSheetHistory_Time" time="5.631" classname="com.oracle.pgbu.selenium.obi.Unifier_TC006_CostSheetHistory"/>
  <testcase name="Unifier_CostSheetHistory_UnifierLinks" time="5.956" classname="com.oracle.pgbu.selenium.obi.Unifier_TC006_CostSheetHistory"/>
  <testcase name="Unifier_CostSheetHistory_Portfolio" time="4.585" classname="com.oracle.pgbu.selenium.obi.Unifier_TC006_CostSheetHistory"/>
  <testcase name="Unifier_CostSheetHistory_Project" time="6.325" classname="com.oracle.pgbu.selenium.obi.Unifier_TC006_CostSheetHistory"/>
  <testcase name="Unifier_CostSheetHistory_ProjectHierarchy" time="7.847" classname="com.oracle.pgbu.selenium.obi.Unifier_TC006_CostSheetHistory"/>
  <testcase name="Unifier_CostSheetHistory_Dimensions" time="31.668" classname="com.oracle.pgbu.selenium.obi.Unifier_TC006_CostSheetHistory"/>
  <testcase name="Unifier_CostSheetHistory_CBS" time="7.242" classname="com.oracle.pgbu.selenium.obi.Unifier_TC006_CostSheetHistory"/>
</testsuite> <!-- com.oracle.pgbu.selenium.obi.Unifier_TC006_CostSheetHistory -->
